<?xml version="1.0" encoding="UTF-8"?>
<<<<<<< HEAD
<testsuite xmlns:xsi="http://www.w3.org/2001/XMLSchema-instance" xsi:noNamespaceSchemaLocation="https://maven.apache.org/surefire/maven-surefire-plugin/xsd/surefire-test-report.xsd" name="com.parkit.parkingsystem.FareCalculatorServiceTest" time="0.211" tests="16" errors="0" skipped="0" failures="0">
=======
<<<<<<< HEAD
<testsuite xmlns:xsi="http://www.w3.org/2001/XMLSchema-instance" xsi:noNamespaceSchemaLocation="https://maven.apache.org/surefire/maven-surefire-plugin/xsd/surefire-test-report.xsd" name="com.parkit.parkingsystem.FareCalculatorServiceTest" time="0.245" tests="16" errors="0" skipped="0" failures="0">
=======
<testsuite xmlns:xsi="http://www.w3.org/2001/XMLSchema-instance" xsi:noNamespaceSchemaLocation="https://maven.apache.org/surefire/maven-surefire-plugin/xsd/surefire-test-report.xsd" name="com.parkit.parkingsystem.FareCalculatorServiceTest" time="0.241" tests="16" errors="0" skipped="0" failures="0">
>>>>>>> 05a26a98046178399712342634b1b7dc1c7934c7
>>>>>>> 3503a5325d4015c40b0c0b887f70d34261b856a2
  <properties>
    <property name="java.specification.version" value="21"/>
    <property name="sun.cpu.isalist" value="amd64"/>
    <property name="sun.jnu.encoding" value="Cp1252"/>
    <property name="java.class.path" value="C:\Users\B294LQ\OneDrive - AXA\Desktop\Formation Java\Projet 4\tester-java\target\test-classes;C:\Users\B294LQ\OneDrive - AXA\Desktop\Formation Java\Projet 4\tester-java\target\classes;C:\tools\maven_repo\org\apache\logging\log4j\log4j-api\2.12.1\log4j-api-2.12.1.jar;C:\tools\maven_repo\org\apache\logging\log4j\log4j-core\2.12.1\log4j-core-2.12.1.jar;C:\tools\maven_repo\com\mysql\mysql-connector-j\8.0.33\mysql-connector-j-8.0.33.jar;C:\tools\maven_repo\com\google\protobuf\protobuf-java\3.21.9\protobuf-java-3.21.9.jar;C:\tools\maven_repo\org\junit\jupiter\junit-jupiter-api\5.10.1\junit-jupiter-api-5.10.1.jar;C:\tools\maven_repo\org\opentest4j\opentest4j\1.3.0\opentest4j-1.3.0.jar;C:\tools\maven_repo\org\junit\platform\junit-platform-commons\1.10.1\junit-platform-commons-1.10.1.jar;C:\tools\maven_repo\org\apiguardian\apiguardian-api\1.1.2\apiguardian-api-1.1.2.jar;C:\tools\maven_repo\org\junit\jupiter\junit-jupiter-engine\5.10.1\junit-jupiter-engine-5.10.1.jar;C:\tools\maven_repo\org\junit\platform\junit-platform-engine\1.10.1\junit-platform-engine-1.10.1.jar;C:\tools\maven_repo\org\mockito\mockito-junit-jupiter\5.10.0\mockito-junit-jupiter-5.10.0.jar;C:\tools\maven_repo\org\mockito\mockito-core\5.10.0\mockito-core-5.10.0.jar;C:\tools\maven_repo\net\bytebuddy\byte-buddy\1.14.11\byte-buddy-1.14.11.jar;C:\tools\maven_repo\net\bytebuddy\byte-buddy-agent\1.14.11\byte-buddy-agent-1.14.11.jar;C:\tools\maven_repo\org\objenesis\objenesis\3.3\objenesis-3.3.jar;C:\tools\maven_repo\org\jacoco\jacoco-maven-plugin\0.8.11\jacoco-maven-plugin-0.8.11.jar;C:\tools\maven_repo\org\codehaus\plexus\plexus-utils\3.0.24\plexus-utils-3.0.24.jar;C:\tools\maven_repo\org\apache\maven\shared\file-management\3.1.0\file-management-3.1.0.jar;C:\tools\maven_repo\org\slf4j\slf4j-api\1.7.36\slf4j-api-1.7.36.jar;C:\tools\maven_repo\org\apache\maven\reporting\maven-reporting-api\3.0\maven-reporting-api-3.0.jar;C:\tools\maven_repo\org\apache\maven\doxia\doxia-sink-api\1.0\doxia-sink-api-1.0.jar;C:\tools\maven_repo\org\jacoco\org.jacoco.agent\0.8.11\org.jacoco.agent-0.8.11-runtime.jar;C:\tools\maven_repo\org\jacoco\org.jacoco.core\0.8.11\org.jacoco.core-0.8.11.jar;C:\tools\maven_repo\org\ow2\asm\asm\9.6\asm-9.6.jar;C:\tools\maven_repo\org\ow2\asm\asm-commons\9.6\asm-commons-9.6.jar;C:\tools\maven_repo\org\ow2\asm\asm-tree\9.6\asm-tree-9.6.jar;C:\tools\maven_repo\org\jacoco\org.jacoco.report\0.8.11\org.jacoco.report-0.8.11.jar;C:\tools\maven_repo\org\apache\maven\plugins\maven-assembly-plugin\3.4.2\maven-assembly-plugin-3.4.2.jar;C:\tools\maven_repo\org\apache\maven\shared\maven-common-artifact-filters\3.3.1\maven-common-artifact-filters-3.3.1.jar;C:\tools\maven_repo\org\apache\maven\shared\maven-artifact-transfer\0.13.1\maven-artifact-transfer-0.13.1.jar;C:\tools\maven_repo\org\apache\maven\maven-core\3.0\maven-core-3.0.jar;C:\tools\maven_repo\org\apache\maven\maven-model\3.0\maven-model-3.0.jar;C:\tools\maven_repo\org\apache\maven\maven-settings\3.0\maven-settings-3.0.jar;C:\tools\maven_repo\org\apache\maven\maven-settings-builder\3.0\maven-settings-builder-3.0.jar;C:\tools\maven_repo\org\apache\maven\maven-repository-metadata\3.0\maven-repository-metadata-3.0.jar;C:\tools\maven_repo\org\apache\maven\maven-plugin-api\3.0\maven-plugin-api-3.0.jar;C:\tools\maven_repo\org\apache\maven\maven-model-builder\3.0\maven-model-builder-3.0.jar;C:\tools\maven_repo\org\apache\maven\maven-aether-provider\3.0\maven-aether-provider-3.0.jar;C:\tools\maven_repo\org\sonatype\aether\aether-impl\1.7\aether-impl-1.7.jar;C:\tools\maven_repo\org\sonatype\aether\aether-spi\1.7\aether-spi-1.7.jar;C:\tools\maven_repo\org\sonatype\aether\aether-api\1.7\aether-api-1.7.jar;C:\tools\maven_repo\org\sonatype\aether\aether-util\1.7\aether-util-1.7.jar;C:\tools\maven_repo\org\sonatype\sisu\sisu-inject-plexus\1.4.2\sisu-inject-plexus-1.4.2.jar;C:\tools\maven_repo\org\sonatype\sisu\sisu-inject-bean\1.4.2\sisu-inject-bean-1.4.2.jar;C:\tools\maven_repo\org\sonatype\sisu\sisu-guice\2.1.7\sisu-guice-2.1.7-noaop.jar;C:\tools\maven_repo\org\codehaus\plexus\plexus-classworlds\2.2.3\plexus-classworlds-2.2.3.jar;C:\tools\maven_repo\org\sonatype\plexus\plexus-sec-dispatcher\1.3\plexus-sec-dispatcher-1.3.jar;C:\tools\maven_repo\org\sonatype\plexus\plexus-cipher\1.4\plexus-cipher-1.4.jar;C:\tools\maven_repo\org\apache\maven\maven-artifact\3.0\maven-artifact-3.0.jar;C:\tools\maven_repo\org\codehaus\plexus\plexus-component-annotations\2.0.0\plexus-component-annotations-2.0.0.jar;C:\tools\maven_repo\org\codehaus\plexus\plexus-interpolation\1.26\plexus-interpolation-1.26.jar;C:\tools\maven_repo\commons-io\commons-io\2.11.0\commons-io-2.11.0.jar;C:\tools\maven_repo\org\apache\maven\shared\maven-filtering\3.3.0\maven-filtering-3.3.0.jar;C:\tools\maven_repo\javax\inject\javax.inject\1\javax.inject-1.jar;C:\tools\maven_repo\org\sonatype\plexus\plexus-build-api\0.0.7\plexus-build-api-0.0.7.jar;C:\tools\maven_repo\org\codehaus\plexus\plexus-io\3.4.0\plexus-io-3.4.0.jar;C:\tools\maven_repo\org\codehaus\plexus\plexus-archiver\4.4.0\plexus-archiver-4.4.0.jar;C:\tools\maven_repo\org\apache\commons\commons-compress\1.21\commons-compress-1.21.jar;C:\tools\maven_repo\org\iq80\snappy\snappy\0.4\snappy-0.4.jar;C:\tools\maven_repo\org\tukaani\xz\1.9\xz-1.9.jar;C:\tools\maven_repo\org\apache\maven\maven-archiver\3.6.0\maven-archiver-3.6.0.jar;C:\tools\maven_repo\org\junit\jupiter\junit-jupiter-params\5.10.1\junit-jupiter-params-5.10.1.jar;"/>
    <property name="java.vm.vendor" value="Eclipse Adoptium"/>
    <property name="sun.arch.data.model" value="64"/>
    <property name="user.variant" value=""/>
    <property name="java.vendor.url" value="https://adoptium.net/"/>
    <property name="user.timezone" value="Europe/Paris"/>
    <property name="os.name" value="Windows 10"/>
    <property name="java.vm.specification.version" value="21"/>
    <property name="sun.java.launcher" value="SUN_STANDARD"/>
    <property name="user.country" value="FR"/>
    <property name="sun.boot.library.path" value="C:\Program Files\Eclipse Adoptium\jdk-21.0.1.12-hotspot\bin"/>
<<<<<<< HEAD
    <property name="sun.java.command" value="C:\Users\B294LQ\AppData\Local\Temp\surefire3732110584121521370\surefirebooter9404329000684634129.jar C:\Users\B294LQ\AppData\Local\Temp\surefire3732110584121521370 2024-02-02T11-59-35_584-jvmRun1 surefire10357826991316652651tmp surefire_010307066352354385447tmp"/>
=======
<<<<<<< HEAD
    <property name="sun.java.command" value="C:\Users\B294LQ\AppData\Local\Temp\surefire10008591652572161332\surefirebooter9050336584042886097.jar C:\Users\B294LQ\AppData\Local\Temp\surefire10008591652572161332 2024-02-02T11-47-31_086-jvmRun1 surefire8548252661731531264tmp surefire_012619817909422224183tmp"/>
=======
    <property name="sun.java.command" value="C:\Users\B294LQ\AppData\Local\Temp\surefire13145896380175083227\surefirebooter13210668706559877556.jar C:\Users\B294LQ\AppData\Local\Temp\surefire13145896380175083227 2024-02-02T10-14-43_190-jvmRun1 surefire16351057889335397255tmp surefire_015103149981484855678tmp"/>
>>>>>>> 05a26a98046178399712342634b1b7dc1c7934c7
>>>>>>> 3503a5325d4015c40b0c0b887f70d34261b856a2
    <property name="jdk.debug" value="release"/>
    <property name="surefire.test.class.path" value="C:\Users\B294LQ\OneDrive - AXA\Desktop\Formation Java\Projet 4\tester-java\target\test-classes;C:\Users\B294LQ\OneDrive - AXA\Desktop\Formation Java\Projet 4\tester-java\target\classes;C:\tools\maven_repo\org\apache\logging\log4j\log4j-api\2.12.1\log4j-api-2.12.1.jar;C:\tools\maven_repo\org\apache\logging\log4j\log4j-core\2.12.1\log4j-core-2.12.1.jar;C:\tools\maven_repo\com\mysql\mysql-connector-j\8.0.33\mysql-connector-j-8.0.33.jar;C:\tools\maven_repo\com\google\protobuf\protobuf-java\3.21.9\protobuf-java-3.21.9.jar;C:\tools\maven_repo\org\junit\jupiter\junit-jupiter-api\5.10.1\junit-jupiter-api-5.10.1.jar;C:\tools\maven_repo\org\opentest4j\opentest4j\1.3.0\opentest4j-1.3.0.jar;C:\tools\maven_repo\org\junit\platform\junit-platform-commons\1.10.1\junit-platform-commons-1.10.1.jar;C:\tools\maven_repo\org\apiguardian\apiguardian-api\1.1.2\apiguardian-api-1.1.2.jar;C:\tools\maven_repo\org\junit\jupiter\junit-jupiter-engine\5.10.1\junit-jupiter-engine-5.10.1.jar;C:\tools\maven_repo\org\junit\platform\junit-platform-engine\1.10.1\junit-platform-engine-1.10.1.jar;C:\tools\maven_repo\org\mockito\mockito-junit-jupiter\5.10.0\mockito-junit-jupiter-5.10.0.jar;C:\tools\maven_repo\org\mockito\mockito-core\5.10.0\mockito-core-5.10.0.jar;C:\tools\maven_repo\net\bytebuddy\byte-buddy\1.14.11\byte-buddy-1.14.11.jar;C:\tools\maven_repo\net\bytebuddy\byte-buddy-agent\1.14.11\byte-buddy-agent-1.14.11.jar;C:\tools\maven_repo\org\objenesis\objenesis\3.3\objenesis-3.3.jar;C:\tools\maven_repo\org\jacoco\jacoco-maven-plugin\0.8.11\jacoco-maven-plugin-0.8.11.jar;C:\tools\maven_repo\org\codehaus\plexus\plexus-utils\3.0.24\plexus-utils-3.0.24.jar;C:\tools\maven_repo\org\apache\maven\shared\file-management\3.1.0\file-management-3.1.0.jar;C:\tools\maven_repo\org\slf4j\slf4j-api\1.7.36\slf4j-api-1.7.36.jar;C:\tools\maven_repo\org\apache\maven\reporting\maven-reporting-api\3.0\maven-reporting-api-3.0.jar;C:\tools\maven_repo\org\apache\maven\doxia\doxia-sink-api\1.0\doxia-sink-api-1.0.jar;C:\tools\maven_repo\org\jacoco\org.jacoco.agent\0.8.11\org.jacoco.agent-0.8.11-runtime.jar;C:\tools\maven_repo\org\jacoco\org.jacoco.core\0.8.11\org.jacoco.core-0.8.11.jar;C:\tools\maven_repo\org\ow2\asm\asm\9.6\asm-9.6.jar;C:\tools\maven_repo\org\ow2\asm\asm-commons\9.6\asm-commons-9.6.jar;C:\tools\maven_repo\org\ow2\asm\asm-tree\9.6\asm-tree-9.6.jar;C:\tools\maven_repo\org\jacoco\org.jacoco.report\0.8.11\org.jacoco.report-0.8.11.jar;C:\tools\maven_repo\org\apache\maven\plugins\maven-assembly-plugin\3.4.2\maven-assembly-plugin-3.4.2.jar;C:\tools\maven_repo\org\apache\maven\shared\maven-common-artifact-filters\3.3.1\maven-common-artifact-filters-3.3.1.jar;C:\tools\maven_repo\org\apache\maven\shared\maven-artifact-transfer\0.13.1\maven-artifact-transfer-0.13.1.jar;C:\tools\maven_repo\org\apache\maven\maven-core\3.0\maven-core-3.0.jar;C:\tools\maven_repo\org\apache\maven\maven-model\3.0\maven-model-3.0.jar;C:\tools\maven_repo\org\apache\maven\maven-settings\3.0\maven-settings-3.0.jar;C:\tools\maven_repo\org\apache\maven\maven-settings-builder\3.0\maven-settings-builder-3.0.jar;C:\tools\maven_repo\org\apache\maven\maven-repository-metadata\3.0\maven-repository-metadata-3.0.jar;C:\tools\maven_repo\org\apache\maven\maven-plugin-api\3.0\maven-plugin-api-3.0.jar;C:\tools\maven_repo\org\apache\maven\maven-model-builder\3.0\maven-model-builder-3.0.jar;C:\tools\maven_repo\org\apache\maven\maven-aether-provider\3.0\maven-aether-provider-3.0.jar;C:\tools\maven_repo\org\sonatype\aether\aether-impl\1.7\aether-impl-1.7.jar;C:\tools\maven_repo\org\sonatype\aether\aether-spi\1.7\aether-spi-1.7.jar;C:\tools\maven_repo\org\sonatype\aether\aether-api\1.7\aether-api-1.7.jar;C:\tools\maven_repo\org\sonatype\aether\aether-util\1.7\aether-util-1.7.jar;C:\tools\maven_repo\org\sonatype\sisu\sisu-inject-plexus\1.4.2\sisu-inject-plexus-1.4.2.jar;C:\tools\maven_repo\org\sonatype\sisu\sisu-inject-bean\1.4.2\sisu-inject-bean-1.4.2.jar;C:\tools\maven_repo\org\sonatype\sisu\sisu-guice\2.1.7\sisu-guice-2.1.7-noaop.jar;C:\tools\maven_repo\org\codehaus\plexus\plexus-classworlds\2.2.3\plexus-classworlds-2.2.3.jar;C:\tools\maven_repo\org\sonatype\plexus\plexus-sec-dispatcher\1.3\plexus-sec-dispatcher-1.3.jar;C:\tools\maven_repo\org\sonatype\plexus\plexus-cipher\1.4\plexus-cipher-1.4.jar;C:\tools\maven_repo\org\apache\maven\maven-artifact\3.0\maven-artifact-3.0.jar;C:\tools\maven_repo\org\codehaus\plexus\plexus-component-annotations\2.0.0\plexus-component-annotations-2.0.0.jar;C:\tools\maven_repo\org\codehaus\plexus\plexus-interpolation\1.26\plexus-interpolation-1.26.jar;C:\tools\maven_repo\commons-io\commons-io\2.11.0\commons-io-2.11.0.jar;C:\tools\maven_repo\org\apache\maven\shared\maven-filtering\3.3.0\maven-filtering-3.3.0.jar;C:\tools\maven_repo\javax\inject\javax.inject\1\javax.inject-1.jar;C:\tools\maven_repo\org\sonatype\plexus\plexus-build-api\0.0.7\plexus-build-api-0.0.7.jar;C:\tools\maven_repo\org\codehaus\plexus\plexus-io\3.4.0\plexus-io-3.4.0.jar;C:\tools\maven_repo\org\codehaus\plexus\plexus-archiver\4.4.0\plexus-archiver-4.4.0.jar;C:\tools\maven_repo\org\apache\commons\commons-compress\1.21\commons-compress-1.21.jar;C:\tools\maven_repo\org\iq80\snappy\snappy\0.4\snappy-0.4.jar;C:\tools\maven_repo\org\tukaani\xz\1.9\xz-1.9.jar;C:\tools\maven_repo\org\apache\maven\maven-archiver\3.6.0\maven-archiver-3.6.0.jar;C:\tools\maven_repo\org\junit\jupiter\junit-jupiter-params\5.10.1\junit-jupiter-params-5.10.1.jar;"/>
    <property name="sun.cpu.endian" value="little"/>
    <property name="user.home" value="C:\Users\B294LQ"/>
    <property name="user.language" value="fr"/>
    <property name="java.specification.vendor" value="Oracle Corporation"/>
    <property name="java.version.date" value="2023-10-17"/>
    <property name="java.home" value="C:\Program Files\Eclipse Adoptium\jdk-21.0.1.12-hotspot"/>
    <property name="file.separator" value="\"/>
    <property name="basedir" value="C:\Users\B294LQ\OneDrive - AXA\Desktop\Formation Java\Projet 4\tester-java"/>
    <property name="java.vm.compressedOopsMode" value="Zero based"/>
    <property name="line.separator" value="&#10;"/>
    <property name="java.vm.specification.vendor" value="Oracle Corporation"/>
    <property name="java.specification.name" value="Java Platform API Specification"/>
<<<<<<< HEAD
    <property name="surefire.real.class.path" value="C:\Users\B294LQ\AppData\Local\Temp\surefire3732110584121521370\surefirebooter9404329000684634129.jar"/>
=======
<<<<<<< HEAD
    <property name="surefire.real.class.path" value="C:\Users\B294LQ\AppData\Local\Temp\surefire10008591652572161332\surefirebooter9050336584042886097.jar"/>
=======
    <property name="surefire.real.class.path" value="C:\Users\B294LQ\AppData\Local\Temp\surefire13145896380175083227\surefirebooter13210668706559877556.jar"/>
>>>>>>> 05a26a98046178399712342634b1b7dc1c7934c7
>>>>>>> 3503a5325d4015c40b0c0b887f70d34261b856a2
    <property name="user.script" value=""/>
    <property name="sun.management.compiler" value="HotSpot 64-Bit Tiered Compilers"/>
    <property name="java.runtime.version" value="21.0.1+12-LTS"/>
    <property name="user.name" value="B294LQ"/>
    <property name="stdout.encoding" value="Cp1252"/>
    <property name="path.separator" value=";"/>
    <property name="os.version" value="10.0"/>
    <property name="java.runtime.name" value="OpenJDK Runtime Environment"/>
    <property name="file.encoding" value="UTF-8"/>
    <property name="java.vm.name" value="OpenJDK 64-Bit Server VM"/>
    <property name="java.vendor.version" value="Temurin-21.0.1+12"/>
    <property name="localRepository" value="C:\tools\maven_repo"/>
    <property name="java.vendor.url.bug" value="https://github.com/adoptium/adoptium-support/issues"/>
    <property name="java.io.tmpdir" value="C:\Users\B294LQ\AppData\Local\Temp\"/>
    <property name="idea.version" value="2023.3.2"/>
    <property name="java.version" value="21.0.1"/>
    <property name="user.dir" value="C:\Users\B294LQ\OneDrive - AXA\Desktop\Formation Java\Projet 4\tester-java"/>
    <property name="os.arch" value="amd64"/>
    <property name="java.vm.specification.name" value="Java Virtual Machine Specification"/>
    <property name="sun.os.patch.level" value=""/>
    <property name="native.encoding" value="Cp1252"/>
    <property name="java.library.path" value="C:\Program Files\Eclipse Adoptium\jdk-21.0.1.12-hotspot\bin;C:\Windows\Sun\Java\bin;C:\Windows\system32;C:\Windows;C:\Program Files\Eclipse Adoptium\jdk-21.0.1.12-hotspot\bin;C:\Program Files (x86)\Common Files\Oracle\Java\javapath;C:\Windows\system32;C:\Windows;C:\Windows\System32\Wbem;C:\Windows\System32\WindowsPowerShell\v1.0\;C:\Windows\System32\OpenSSH\;C:\Program Files\dotnet\;C:\Program Files\Git\cmd;C:\Program Files\Docker\Docker\resources\bin;C:\Program Files\apache-maven-3.9.4\bin;C:\Program Files\Eclipse Adoptium\jdk-21.0.1.12-hotspot\bin;C:\Program Files\nodejs\;C:\Users\B294LQ\AppData\Local\Microsoft\WindowsApps;C:\Users\B294LQ\.dotnet\tools;C:\Users\B294LQ\AppData\Roaming\npm;."/>
    <property name="java.vm.info" value="mixed mode, sharing"/>
    <property name="stderr.encoding" value="Cp1252"/>
    <property name="java.vendor" value="Eclipse Adoptium"/>
    <property name="java.vm.version" value="21.0.1+12-LTS"/>
    <property name="sun.io.unicode.encoding" value="UnicodeLittle"/>
    <property name="maven.repo.local" value="C:\tools\maven_repo"/>
    <property name="java.class.version" value="65.0"/>
  </properties>
<<<<<<< HEAD
  <testcase name="calculateFareBikeWithDiscount" classname="com.parkit.parkingsystem.FareCalculatorServiceTest" time="0.042"/>
  <testcase name="calculateFareCarWithLessThanOneHourParkingTime" classname="com.parkit.parkingsystem.FareCalculatorServiceTest" time="0.002"/>
  <testcase name="calculateFareBikeWithLessThan30minutesParkingTime{double}[1]" classname="com.parkit.parkingsystem.FareCalculatorServiceTest" time="0.053"/>
  <testcase name="calculateFareBikeWithLessThan30minutesParkingTime{double}[2]" classname="com.parkit.parkingsystem.FareCalculatorServiceTest" time="0.001"/>
  <testcase name="calculateFareBikeWithLessThan30minutesParkingTime{double}[3]" classname="com.parkit.parkingsystem.FareCalculatorServiceTest" time="0"/>
  <testcase name="calculateFareBikeWithLessThan30minutesParkingTime{double}[4]" classname="com.parkit.parkingsystem.FareCalculatorServiceTest" time="0"/>
=======
<<<<<<< HEAD
  <testcase name="calculateFareBikeWithDiscount" classname="com.parkit.parkingsystem.FareCalculatorServiceTest" time="0.042"/>
  <testcase name="calculateFareCarWithLessThanOneHourParkingTime" classname="com.parkit.parkingsystem.FareCalculatorServiceTest" time="0"/>
  <testcase name="calculateFareBikeWithLessThan30minutesParkingTime{double}[1]" classname="com.parkit.parkingsystem.FareCalculatorServiceTest" time="0.07"/>
  <testcase name="calculateFareBikeWithLessThan30minutesParkingTime{double}[2]" classname="com.parkit.parkingsystem.FareCalculatorServiceTest" time="0.001"/>
  <testcase name="calculateFareBikeWithLessThan30minutesParkingTime{double}[3]" classname="com.parkit.parkingsystem.FareCalculatorServiceTest" time="0.001"/>
  <testcase name="calculateFareBikeWithLessThan30minutesParkingTime{double}[4]" classname="com.parkit.parkingsystem.FareCalculatorServiceTest" time="0.001"/>
>>>>>>> 3503a5325d4015c40b0c0b887f70d34261b856a2
  <testcase name="calculateFareCarWithDiscount" classname="com.parkit.parkingsystem.FareCalculatorServiceTest" time="0.001"/>
  <testcase name="calculateFareCar" classname="com.parkit.parkingsystem.FareCalculatorServiceTest" time="0"/>
  <testcase name="calculateFareBike" classname="com.parkit.parkingsystem.FareCalculatorServiceTest" time="0"/>
  <testcase name="calculateFareUnknownType" classname="com.parkit.parkingsystem.FareCalculatorServiceTest" time="0.004"/>
  <testcase name="calculateFareCarWithLessThan30minutesParkingTime{double}[1]" classname="com.parkit.parkingsystem.FareCalculatorServiceTest" time="0.001"/>
  <testcase name="calculateFareCarWithLessThan30minutesParkingTime{double}[2]" classname="com.parkit.parkingsystem.FareCalculatorServiceTest" time="0"/>
  <testcase name="calculateFareCarWithLessThan30minutesParkingTime{double}[3]" classname="com.parkit.parkingsystem.FareCalculatorServiceTest" time="0.001"/>
  <testcase name="calculateFareCarWithMoreThanADayParkingTime" classname="com.parkit.parkingsystem.FareCalculatorServiceTest" time="0"/>
  <testcase name="calculateFareBikeWithLessThanOneHourParkingTime" classname="com.parkit.parkingsystem.FareCalculatorServiceTest" time="0.001"/>
  <testcase name="calculateFareBikeWithFutureInTime" classname="com.parkit.parkingsystem.FareCalculatorServiceTest" time="0.018"/>
<<<<<<< HEAD
=======
=======
  <testcase name="calculateFareBikeWithDiscount" classname="com.parkit.parkingsystem.FareCalculatorServiceTest" time="0.035"/>
  <testcase name="calculateFareCarWithLessThanOneHourParkingTime" classname="com.parkit.parkingsystem.FareCalculatorServiceTest" time="0"/>
  <testcase name="calculateFareBikeWithLessThan30minutesParkingTime{double}[1]" classname="com.parkit.parkingsystem.FareCalculatorServiceTest" time="0.059"/>
  <testcase name="calculateFareBikeWithLessThan30minutesParkingTime{double}[2]" classname="com.parkit.parkingsystem.FareCalculatorServiceTest" time="0"/>
  <testcase name="calculateFareBikeWithLessThan30minutesParkingTime{double}[3]" classname="com.parkit.parkingsystem.FareCalculatorServiceTest" time="0"/>
  <testcase name="calculateFareBikeWithLessThan30minutesParkingTime{double}[4]" classname="com.parkit.parkingsystem.FareCalculatorServiceTest" time="0"/>
  <testcase name="calculateFareCarWithDiscount" classname="com.parkit.parkingsystem.FareCalculatorServiceTest" time="0"/>
  <testcase name="calculateFareCar" classname="com.parkit.parkingsystem.FareCalculatorServiceTest" time="0.001"/>
  <testcase name="calculateFareBike" classname="com.parkit.parkingsystem.FareCalculatorServiceTest" time="0"/>
  <testcase name="calculateFareUnknownType" classname="com.parkit.parkingsystem.FareCalculatorServiceTest" time="0.001"/>
  <testcase name="calculateFareCarWithLessThan30minutesParkingTime{double}[1]" classname="com.parkit.parkingsystem.FareCalculatorServiceTest" time="0.001"/>
  <testcase name="calculateFareCarWithLessThan30minutesParkingTime{double}[2]" classname="com.parkit.parkingsystem.FareCalculatorServiceTest" time="0.001"/>
  <testcase name="calculateFareCarWithLessThan30minutesParkingTime{double}[3]" classname="com.parkit.parkingsystem.FareCalculatorServiceTest" time="0.001"/>
  <testcase name="calculateFareCarWithMoreThanADayParkingTime" classname="com.parkit.parkingsystem.FareCalculatorServiceTest" time="0"/>
  <testcase name="calculateFareBikeWithLessThanOneHourParkingTime" classname="com.parkit.parkingsystem.FareCalculatorServiceTest" time="0.002"/>
  <testcase name="calculateFareBikeWithFutureInTime" classname="com.parkit.parkingsystem.FareCalculatorServiceTest" time="0.03"/>
>>>>>>> 05a26a98046178399712342634b1b7dc1c7934c7
>>>>>>> 3503a5325d4015c40b0c0b887f70d34261b856a2
</testsuite>